生成启动时间为 2022/9/27 21:15:06。
     1>项目“D:\Code\keyBoard\StarterTool\KeyBoarder\KeyBoarder.vcxproj”在节点 2 上(Build 个目标)。
     1>ClCompile:
         D:\software\VS2013\VC\bin\CL.exe /c /Zi /nologo /W3 /WX- /sdl /O2 /Oi /Oy- /GL /D WIN32 /D NDEBUG /D _WINDOWS /D _MBCS /Gm- /EHsc /MD /GS /Gy /fp:precise /Zc:wchar_t /Zc:forScope /Yc"stdafx.h" /Fp"Release\KeyBoarder.pch" /Fo"Release\\" /Fd"Release\vc120.pdb" /Gd /TP /analyze- /errorReport:prompt stdafx.cpp
         stdafx.cpp
         D:\software\VS2013\VC\bin\CL.exe /c /Zi /nologo /W3 /WX- /sdl /O2 /Oi /Oy- /GL /D WIN32 /D NDEBUG /D _WINDOWS /D _MBCS /Gm- /EHsc /MD /GS /Gy /fp:precise /Zc:wchar_t /Zc:forScope /Yu"stdafx.h" /Fp"Release\KeyBoarder.pch" /Fo"Release\\" /Fd"Release\vc120.pdb" /Gd /TP /analyze- /errorReport:prompt KeyBoarder.cpp Listmenu.cpp MainWnd.cpp
         KeyBoarder.cpp
     1>KeyBoarder.cpp(236): warning C4018: “<”: 有符号/无符号不匹配
         Listmenu.cpp
         MainWnd.cpp
       ResourceCompile:
         C:\Program Files (x86)\Windows Kits\8.1\bin\x86\rc.exe /l"0x0409" /nologo /fo"Release\KeyBoarder.res" KeyBoarder.rc 
       Link:
         D:\software\VS2013\VC\bin\link.exe /ERRORREPORT:PROMPT /OUT:"D:\Code\keyBoard\StarterTool\Release\KeyBoarder.exe" /INCREMENTAL:NO /NOLOGO kernel32.lib user32.lib gdi32.lib winspool.lib comdlg32.lib advapi32.lib shell32.lib ole32.lib oleaut32.lib uuid.lib odbc32.lib odbccp32.lib /MANIFEST /MANIFESTUAC:"level='requireAdministrator' uiAccess='false'" /manifest:embed /DEBUG /PDB:"D:\Code\keyBoard\StarterTool\Release\KeyBoarder.pdb" /SUBSYSTEM:WINDOWS /OPT:REF /OPT:ICF /LTCG /TLBID:1 /DYNAMICBASE /NXCOMPAT /IMPLIB:"D:\Code\keyBoard\StarterTool\Release\KeyBoarder.lib" /MACHINE:X86 /SAFESEH Release\KeyBoarder.res
         Release\KeyBoarder.obj
         Release\Listmenu.obj
         Release\MainWnd.obj
         Release\stdafx.obj
         正在生成代码
         已完成代码的生成
         KeyBoarder.vcxproj -> D:\Code\keyBoard\StarterTool\Release\KeyBoarder.exe
     1>已完成生成项目“D:\Code\keyBoard\StarterTool\KeyBoarder\KeyBoarder.vcxproj”(Build 个目标)的操作。

生成成功。

已用时间 00:00:01.66
