d:\code\duilib\duilib\build\debug\duilib.pch
d:\code\duilib\duilib\build\debug\vc120.pdb
d:\code\duilib\duilib\build\debug\vc120.idb
d:\code\duilib\duilib\build\debug\stdafx.obj
d:\code\duilib\duilib\build\debug\uihorizontallayout.obj
d:\code\duilib\duilib\build\debug\uitablayout.obj
d:\code\duilib\duilib\build\debug\uitilelayout.obj
d:\code\duilib\duilib\build\debug\uiverticallayout.obj
d:\code\duilib\duilib\build\debug\uiactivex.obj
d:\code\duilib\duilib\build\debug\uibutton.obj
d:\code\duilib\duilib\build\debug\uicheckbox.obj
d:\code\duilib\duilib\build\debug\uicombo.obj
d:\code\duilib\duilib\build\debug\uidatetime.obj
d:\code\duilib\duilib\build\debug\uiedit.obj
d:\code\duilib\duilib\build\debug\uigifanim.obj
d:\code\duilib\duilib\build\debug\uilabel.obj
d:\code\duilib\duilib\build\debug\uilist.obj
d:\code\duilib\duilib\build\debug\uioption.obj
d:\code\duilib\duilib\build\debug\uiprogress.obj
d:\code\duilib\duilib\build\debug\uirichedit.obj
d:\code\duilib\duilib\build\debug\uiscrollbar.obj
d:\code\duilib\duilib\build\debug\uislider.obj
d:\code\duilib\duilib\build\debug\uitext.obj
d:\code\duilib\duilib\build\debug\uiwebbrowser.obj
d:\code\duilib\duilib\build\debug\uitreeview.obj
d:\code\duilib\duilib\build\debug\uilib.obj
d:\code\duilib\duilib\build\debug\winimplbase.obj
d:\code\duilib\duilib\build\debug\uidelegate.obj
d:\code\duilib\duilib\build\debug\utils.obj
d:\code\duilib\duilib\build\debug\wndshadow.obj
d:\code\duilib\duilib\build\debug\uibase.obj
d:\code\duilib\duilib\build\debug\uicontainer.obj
d:\code\duilib\duilib\build\debug\uicontrol.obj
d:\code\duilib\duilib\build\debug\uidlgbuilder.obj
d:\code\duilib\duilib\build\debug\uimanager.obj
d:\code\duilib\duilib\build\debug\uimarkup.obj
d:\code\duilib\duilib\build\debug\uirender.obj
d:\code\duilib\duilib\build\debug\uichildlayout.obj
d:\code\duilib\duilib\build\debug\stb_image.obj
d:\code\duilib\duilib\build\debug\xunzip.obj
d:\code\duilib\lib\duilib_d.lib
d:\code\duilib\lib\duilib_d.exp
d:\code\duilib\bin\duilib_d.dll
d:\code\duilib\duilib\build\debug\duilib.pdb
d:\code\duilib\duilib\build\debug\duilib.tlog\cl.command.1.tlog
d:\code\duilib\duilib\build\debug\duilib.tlog\cl.read.1.tlog
d:\code\duilib\duilib\build\debug\duilib.tlog\cl.write.1.tlog
d:\code\duilib\duilib\build\debug\duilib.tlog\duilib.write.1u.tlog
d:\code\duilib\duilib\build\debug\duilib.tlog\link.command.1.tlog
d:\code\duilib\duilib\build\debug\duilib.tlog\link.read.1.tlog
d:\code\duilib\duilib\build\debug\duilib.tlog\link.write.1.tlog
