生成启动时间为 2022/9/23 23:26:43。
     1>项目“D:\Code\KeyBoarder\KeyBoarder\KeyBoarder.vcxproj”在节点 2 上(Rebuild 个目标)。
     1>ClCompile:
         D:\software\VS2013\VC\bin\CL.exe /c /ZI /nologo /W3 /WX- /sdl /Od /Oy- /D WIN32 /D _DEBUG /D _WINDOWS /D _UNICODE /D UNICODE /Gm /EHsc /RTC1 /MDd /GS /fp:precise /Zc:wchar_t /Zc:forScope /Yc"stdafx.h" /Fp"Debug\KeyBoarder.pch" /Fo"Debug\\" /Fd"Debug\vc120.pdb" /Gd /TP /analyze- /errorReport:prompt stdafx.cpp
         stdafx.cpp
         D:\software\VS2013\VC\bin\CL.exe /c /ZI /nologo /W3 /WX- /sdl /Od /Oy- /D WIN32 /D _DEBUG /D _WINDOWS /D _UNICODE /D UNICODE /Gm /EHsc /RTC1 /MDd /GS /fp:precise /Zc:wchar_t /Zc:forScope /Yu"stdafx.h" /Fp"Debug\KeyBoarder.pch" /Fo"Debug\\" /Fd"Debug\vc120.pdb" /Gd /TP /analyze- /errorReport:prompt KeyBoarder.cpp MainWnd.cpp
         MainWnd.cpp
         KeyBoarder.cpp
         正在生成代码...
       ResourceCompile:
         C:\Program Files (x86)\Windows Kits\8.1\bin\x86\rc.exe /D _UNICODE /D UNICODE /l"0x0409" /nologo /fo"Debug\KeyBoarder.res" KeyBoarder.rc 
       Link:
         D:\software\VS2013\VC\bin\link.exe /ERRORREPORT:PROMPT /OUT:"D:\Code\KeyBoarder\Debug\KeyBoarder.exe" /INCREMENTAL /NOLOGO kernel32.lib user32.lib gdi32.lib winspool.lib comdlg32.lib advapi32.lib shell32.lib ole32.lib oleaut32.lib uuid.lib odbc32.lib odbccp32.lib /MANIFEST /MANIFESTUAC:"level='asInvoker' uiAccess='false'" /manifest:embed /DEBUG /PDB:"D:\Code\KeyBoarder\Debug\KeyBoarder.pdb" /SUBSYSTEM:WINDOWS /TLBID:1 /DYNAMICBASE /NXCOMPAT /IMPLIB:"D:\Code\KeyBoarder\Debug\KeyBoarder.lib" /MACHINE:X86 Debug\KeyBoarder.res
         Debug\KeyBoarder.obj
         Debug\MainWnd.obj
         Debug\stdafx.obj
         KeyBoarder.vcxproj -> D:\Code\KeyBoarder\Debug\KeyBoarder.exe
     1>已完成生成项目“D:\Code\KeyBoarder\KeyBoarder\KeyBoarder.vcxproj”(Rebuild 个目标)的操作。

生成成功。

已用时间 00:00:00.99
