生成启动时间为 2022/9/16 20:47:59。
     1>项目“D:\Code\duilib\DuiLib\DuiLib.vcxproj”在节点 2 上(Build 个目标)。
     1>ClCompile:
         D:\software\VS2013\VC\bin\CL.exe /c /Zi /nologo /W3 /WX- /O1 /Ob1 /Oy- /D WIN32 /D NDEBUG /D _WINDOWS /D UILIB_EXPORTS /D _VC80_UPGRADE=0x0600 /D _USING_V110_SDK71_ /D _WINDLL /D _UNICODE /D UNICODE /GF /Gm- /EHsc /MD /GS /Gy /fp:precise /Zc:wchar_t /Zc:forScope /Yc"stdafx.h" /Fp".\Build\Release_u/DuiLib.pch" /Fo".\Build\Release_u\\" /Fd".\Build\Release_u\vc120.pdb" /Gd /TP /analyze- /errorReport:prompt StdAfx.cpp
         StdAfx.cpp
         D:\software\VS2013\VC\bin\CL.exe /c /Zi /nologo /W3 /WX- /O1 /Ob1 /Oy- /D WIN32 /D NDEBUG /D _WINDOWS /D UILIB_EXPORTS /D _VC80_UPGRADE=0x0600 /D _USING_V110_SDK71_ /D _WINDLL /D _UNICODE /D UNICODE /GF /Gm- /EHsc /MD /GS /Gy /fp:precise /Zc:wchar_t /Zc:forScope /Yu"stdafx.h" /Fp".\Build\Release_u/DuiLib.pch" /Fo".\Build\Release_u\\" /Fd".\Build\Release_u\vc120.pdb" /Gd /TP /analyze- /errorReport:prompt Control\UITreeView.cpp UIlib.cpp Utils\WinImplBase.cpp Utils\UIDelegate.cpp Utils\Utils.cpp Utils\WndShadow.cpp Core\UIBase.cpp Core\UIContainer.cpp Core\UIControl.cpp Core\UIDlgBuilder.cpp Core\UIManager.cpp Core\UIMarkup.cpp Core\UIRender.cpp Layout\UIChildLayout.cpp Layout\UIHorizontalLayout.cpp Layout\UITabLayout.cpp Layout\UITileLayout.cpp Layout\UIVerticalLayout.cpp Control\UIActiveX.cpp Control\UIButton.cpp Control\UICheckBox.cpp Control\UICombo.cpp Control\UIDateTime.cpp Control\UIEdit.cpp Control\UIGifAnim.cpp Control\UILabel.cpp Control\UIList.cpp Control\UIOption.cpp Control\UIProgress.cpp Control\UIRichEdit.cpp Control\UIScrollBar.cpp Control\UISlider.cpp Control\UIText.cpp Control\UIWebBrowser.cpp
         UITreeView.cpp
         UIlib.cpp
         WinImplBase.cpp
         UIDelegate.cpp
         Utils.cpp
         WndShadow.cpp
         UIBase.cpp
         UIContainer.cpp
         UIControl.cpp
         UIDlgBuilder.cpp
         UIManager.cpp
         UIMarkup.cpp
         UIRender.cpp
         UIChildLayout.cpp
         UIHorizontalLayout.cpp
         UITabLayout.cpp
         UITileLayout.cpp
         UIVerticalLayout.cpp
         UIActiveX.cpp
         UIButton.cpp
         正在生成代码...
         正在编译...
         UICheckBox.cpp
         UICombo.cpp
         UIDateTime.cpp
         UIEdit.cpp
         UIGifAnim.cpp
     1>Control\UIGifAnim.cpp : warning C4819: 该文件包含不能在当前代码页(936)中表示的字符。请将该文件保存为 Unicode 格式以防止数据丢失
         UILabel.cpp
         UIList.cpp
     1>Control\UIList.cpp : warning C4819: 该文件包含不能在当前代码页(936)中表示的字符。请将该文件保存为 Unicode 格式以防止数据丢失
     1>Control\UIList.cpp(900): warning C4819: 该文件包含不能在当前代码页(936)中表示的字符。请将该文件保存为 Unicode 格式以防止数据丢失
     1>Control\UIList.cpp(1749): warning C4819: 该文件包含不能在当前代码页(936)中表示的字符。请将该文件保存为 Unicode 格式以防止数据丢失
         UIOption.cpp
         UIProgress.cpp
         UIRichEdit.cpp
         UIScrollBar.cpp
         UISlider.cpp
         UIText.cpp
         UIWebBrowser.cpp
         正在生成代码...
         D:\software\VS2013\VC\bin\CL.exe /c /Zi /nologo /W3 /WX- /O1 /Ob1 /Oy- /D WIN32 /D NDEBUG /D _WINDOWS /D UILIB_EXPORTS /D _VC80_UPGRADE=0x0600 /D _USING_V110_SDK71_ /D _WINDLL /D _UNICODE /D UNICODE /GF /Gm- /EHsc /MD /GS /Gy /fp:precise /Zc:wchar_t /Zc:forScope /Fo".\Build\Release_u\\" /Fd".\Build\Release_u\vc120.pdb" /Gd /TC /analyze- /errorReport:prompt Utils\stb_image.c
         stb_image.c
         D:\software\VS2013\VC\bin\CL.exe /c /Zi /nologo /W3 /WX- /O1 /Ob1 /Oy- /D WIN32 /D NDEBUG /D _WINDOWS /D UILIB_EXPORTS /D _VC80_UPGRADE=0x0600 /D _USING_V110_SDK71_ /D _WINDLL /D _UNICODE /D UNICODE /GF /Gm- /EHsc /MD /GS /Gy /fp:precise /Zc:wchar_t /Zc:forScope /Fo".\Build\Release_u\\" /Fd".\Build\Release_u\vc120.pdb" /Gd /TP /analyze- /errorReport:prompt Utils\XUnzip.cpp
         XUnzip.cpp
     1>C:\Program Files (x86)\MSBuild\Microsoft.Cpp\v4.0\V120\Microsoft.CppBuild.targets(1186,5): warning MSB8012: TargetPath(D:\Code\duilib\DuiLib\.\Build\Release_u\DuiLib.dll) does not match the Linker's OutputFile property value (D:\Code\duilib\bin\DuiLib_u.dll). This may cause your project to build incorrectly. To correct this, please make sure that $(OutDir), $(TargetName) and $(TargetExt) property values match the value specified in %(Link.OutputFile).
     1>C:\Program Files (x86)\MSBuild\Microsoft.Cpp\v4.0\V120\Microsoft.CppBuild.targets(1188,5): warning MSB8012: TargetName(DuiLib) does not match the Linker's OutputFile property value (DuiLib_u). This may cause your project to build incorrectly. To correct this, please make sure that $(OutDir), $(TargetName) and $(TargetExt) property values match the value specified in %(Link.OutputFile).
     1>C:\Program Files (x86)\MSBuild\Microsoft.Cpp\v4.0\V120\Microsoft.CppBuild.targets(1190,5): warning MSB8030: The linker switch "Minimum Required Version" requires "SubSystem" to be set.  Without "SubSystem", the "Minimum Required Version" would not be passed to linker and could prevent to the output binary from running on older Operating Systems.
       Link:
         D:\software\VS2013\VC\bin\link.exe /ERRORREPORT:PROMPT /OUT:"../bin/DuiLib_u.dll" /INCREMENTAL:NO /NOLOGO kernel32.lib user32.lib gdi32.lib winspool.lib comdlg32.lib advapi32.lib shell32.lib ole32.lib oleaut32.lib uuid.lib odbc32.lib odbccp32.lib /MANIFEST:NO /PDB:".\Build\Release_u\DuiLib.pdb" /TLBID:1 /BASE:"0x11000000" /DYNAMICBASE /NXCOMPAT /IMPLIB:"../Lib/DuiLib_u.lib" /MACHINE:X86 /SAFESEH /DLL .\Build\Release_u\UITreeView.obj
         .\Build\Release_u\StdAfx.obj
         .\Build\Release_u\UIlib.obj
         .\Build\Release_u\WinImplBase.obj
         .\Build\Release_u\stb_image.obj
         .\Build\Release_u\UIDelegate.obj
         .\Build\Release_u\Utils.obj
         .\Build\Release_u\WndShadow.obj
         .\Build\Release_u\XUnzip.obj
         .\Build\Release_u\UIBase.obj
         .\Build\Release_u\UIContainer.obj
         .\Build\Release_u\UIControl.obj
         .\Build\Release_u\UIDlgBuilder.obj
         .\Build\Release_u\UIManager.obj
         .\Build\Release_u\UIMarkup.obj
         .\Build\Release_u\UIRender.obj
         .\Build\Release_u\UIChildLayout.obj
         .\Build\Release_u\UIHorizontalLayout.obj
         .\Build\Release_u\UITabLayout.obj
         .\Build\Release_u\UITileLayout.obj
         .\Build\Release_u\UIVerticalLayout.obj
         .\Build\Release_u\UIActiveX.obj
         .\Build\Release_u\UIButton.obj
         .\Build\Release_u\UICheckBox.obj
         .\Build\Release_u\UICombo.obj
         .\Build\Release_u\UIDateTime.obj
         .\Build\Release_u\UIEdit.obj
         .\Build\Release_u\UIGifAnim.obj
         .\Build\Release_u\UILabel.obj
         .\Build\Release_u\UIList.obj
         .\Build\Release_u\UIOption.obj
         .\Build\Release_u\UIProgress.obj
         .\Build\Release_u\UIRichEdit.obj
         .\Build\Release_u\UIScrollBar.obj
         .\Build\Release_u\UISlider.obj
         .\Build\Release_u\UIText.obj
         .\Build\Release_u\UIWebBrowser.obj
            正在创建库 ../Lib/DuiLib_u.lib 和对象 ../Lib/DuiLib_u.exp
         DuiLib.vcxproj -> D:\Code\duilib\DuiLib\.\Build\Release_u\DuiLib.dll
     1>已完成生成项目“D:\Code\duilib\DuiLib\DuiLib.vcxproj”(Build 个目标)的操作。

生成成功。

已用时间 00:00:03.38
